Started GET "/" for 127.0.0.1 at 2021-11-18 19:59:39 -0300
  
ActiveRecord::PendingMigrationError (

Migrations are pending. To resolve this issue, run:

        bin/rails db:migrate RAILS_ENV=development

):
  
activerecord (5.2.6) lib/active_record/migration.rb:579:in `check_pending!'
activerecord (5.2.6) lib/active_record/migration.rb:556:in `call'
actionpack (5.2.6) lib/action_dispatch/middleware/callbacks.rb:28:in `block in call'
activesupport (5.2.6) lib/active_support/callbacks.rb:98:in `run_callbacks'
actionpack (5.2.6) lib/action_dispatch/middleware/callbacks.rb:26:in `call'
actionpack (5.2.6) lib/action_dispatch/middleware/executor.rb:14:in `call'
actionpack (5.2.6) lib/action_dispatch/middleware/debug_exceptions.rb:61:in `call'
web-console (3.7.0) lib/web_console/middleware.rb:135:in `call_app'
web-console (3.7.0) lib/web_console/middleware.rb:30:in `block in call'
web-console (3.7.0) lib/web_console/middleware.rb:20:in `catch'
web-console (3.7.0) lib/web_console/middleware.rb:20:in `call'
actionpack (5.2.6) lib/action_dispatch/middleware/show_exceptions.rb:33:in `call'
railties (5.2.6) lib/rails/rack/logger.rb:38:in `call_app'
railties (5.2.6) lib/rails/rack/logger.rb:26:in `block in call'
activesupport (5.2.6) lib/active_support/tagged_logging.rb:71:in `block in tagged'
activesupport (5.2.6) lib/active_support/tagged_logging.rb:28:in `tagged'
activesupport (5.2.6) lib/active_support/tagged_logging.rb:71:in `tagged'
railties (5.2.6) lib/rails/rack/logger.rb:26:in `call'
sprockets-rails (3.2.2) lib/sprockets/rails/quiet_assets.rb:13:in `call'
actionpack (5.2.6) lib/action_dispatch/middleware/remote_ip.rb:81:in `call'
actionpack (5.2.6) lib/action_dispatch/middleware/request_id.rb:27:in `call'
rack (2.2.3) lib/rack/method_override.rb:24:in `call'
rack (2.2.3) lib/rack/runtime.rb:22:in `call'
activesupport (5.2.6) lib/active_support/cache/strategy/local_cache_middleware.rb:29:in `call'
actionpack (5.2.6) lib/action_dispatch/middleware/executor.rb:14:in `call'
actionpack (5.2.6) lib/action_dispatch/middleware/static.rb:127:in `call'
rack (2.2.3) lib/rack/sendfile.rb:110:in `call'
railties (5.2.6) lib/rails/engine.rb:524:in `call'
puma (3.12.6) lib/puma/configuration.rb:227:in `call'
puma (3.12.6) lib/puma/server.rb:706:in `handle_request'
puma (3.12.6) lib/puma/server.rb:476:in `process_client'
puma (3.12.6) lib/puma/server.rb:334:in `block in run'
puma (3.12.6) lib/puma/thread_pool.rb:135:in `block in spawn_thread'
  [1m[35m (0.1ms)[0m  [1m[34mSELECT sqlite_version(*)[0m
  ↳ bin/rails:4
  [1m[35m (201.3ms)[0m  [1m[35mCREATE TABLE "schema_migrations" ("version" varchar NOT NULL PRIMARY KEY)[0m
  ↳ bin/rails:4
  [1m[35m (210.6ms)[0m  [1m[35mCREATE TABLE "ar_internal_metadata" ("key" varchar NOT NULL PRIMARY KEY, "value" varchar, "created_at" datetime NOT NULL, "updated_at" datetime NOT NULL)[0m
  ↳ bin/rails:4
  [1m[35m (0.2ms)[0m  [1m[34mSELECT "schema_migrations"."version" FROM "schema_migrations" ORDER BY "schema_migrations"."version" ASC[0m
  ↳ bin/rails:4
Migrating to CreateCoins (20211108135555)
  [1m[35m (0.1ms)[0m  [1m[36mbegin transaction[0m
  ↳ bin/rails:4
  [1m[35m (1.0ms)[0m  [1m[35mCREATE TABLE "coins" ("id" integer PRIMARY KEY AUTOINCREMENT NOT NULL, "description" varchar, "acronym" varchar, "url_image" varchar, "created_at" datetime NOT NULL, "updated_at" datetime NOT NULL)[0m
  ↳ db/migrate/20211108135555_create_coins.rb:3
  [1m[36mActiveRecord::SchemaMigration Create (0.2ms)[0m  [1m[32mINSERT INTO "schema_migrations" ("version") VALUES (?)[0m  [["version", "20211108135555"]]
  ↳ bin/rails:4
  [1m[35m (121.1ms)[0m  [1m[36mcommit transaction[0m
  ↳ bin/rails:4
Migrating to CreateMiningTypes (20211108142545)
  [1m[35m (0.1ms)[0m  [1m[36mbegin transaction[0m
  ↳ bin/rails:4
  [1m[35m (0.3ms)[0m  [1m[35mCREATE TABLE "mining_types" ("id" integer PRIMARY KEY AUTOINCREMENT NOT NULL, "description" varchar, "acronym" varchar, "created_at" datetime NOT NULL, "updated_at" datetime NOT NULL)[0m
  ↳ db/migrate/20211108142545_create_mining_types.rb:3
  [1m[36mActiveRecord::SchemaMigration Create (0.2ms)[0m  [1m[32mINSERT INTO "schema_migrations" ("version") VALUES (?)[0m  [["version", "20211108142545"]]
  ↳ bin/rails:4
  [1m[35m (201.4ms)[0m  [1m[36mcommit transaction[0m
  ↳ bin/rails:4
Migrating to AddMinigTypeToCoins (20211108152523)
  [1m[35m (0.3ms)[0m  [1m[36mbegin transaction[0m
  ↳ bin/rails:4
  [1m[35m (1.6ms)[0m  [1m[35mALTER TABLE "coins" ADD "mining_type_id" integer[0m
  ↳ db/migrate/20211108152523_add_minig_type_to_coins.rb:3
  [1m[35m (0.5ms)[0m  [1m[35mCREATE  INDEX "index_coins_on_mining_type_id" ON "coins" ("mining_type_id")[0m
  ↳ db/migrate/20211108152523_add_minig_type_to_coins.rb:3
  [1m[36mActiveRecord::SchemaMigration Create (0.5ms)[0m  [1m[32mINSERT INTO "schema_migrations" ("version") VALUES (?)[0m  [["version", "20211108152523"]]
  ↳ bin/rails:4
  [1m[35m (126.8ms)[0m  [1m[36mcommit transaction[0m
  ↳ bin/rails:4
  [1m[36mActiveRecord::InternalMetadata Load (0.7ms)[0m  [1m[34mSELECT  "ar_internal_metadata".* FROM "ar_internal_metadata" WHERE "ar_internal_metadata"."key" = ? LIMIT ?[0m  [["key", "environment"], ["LIMIT", 1]]
  ↳ bin/rails:4
  [1m[35m (0.2ms)[0m  [1m[36mbegin transaction[0m
  ↳ bin/rails:4
  [1m[36mActiveRecord::InternalMetadata Create (0.5ms)[0m  [1m[32mINSERT INTO "ar_internal_metadata" ("key", "value", "created_at", "updated_at") VALUES (?, ?, ?, ?)[0m  [["key", "environment"], ["value", "development"], ["created_at", "2021-11-18 23:02:40.442796"], ["updated_at", "2021-11-18 23:02:40.442796"]]
  ↳ bin/rails:4
  [1m[35m (254.1ms)[0m  [1m[36mcommit transaction[0m
  ↳ bin/rails:4
  [1m[35m (0.4ms)[0m  [1m[34mSELECT "schema_migrations"."version" FROM "schema_migrations" ORDER BY "schema_migrations"."version" ASC[0m
  ↳ bin/rails:4
  [1m[35m (0.2ms)[0m  [1m[34mSELECT "schema_migrations"."version" FROM "schema_migrations" ORDER BY "schema_migrations"."version" ASC[0m
  ↳ bin/rails:4
  [1m[36mMiningType Load (0.1ms)[0m  [1m[34mSELECT  "mining_types".* FROM "mining_types" WHERE "mining_types"."description" = ? AND "mining_types"."acronym" = ? LIMIT ?[0m  [["description", "Proof of Work"], ["acronym", "SoW"], ["LIMIT", 1]]
  ↳ db/seeds.rb:27
  [1m[35m (0.1ms)[0m  [1m[36mbegin transaction[0m
  ↳ db/seeds.rb:27
  [1m[36mMiningType Create (0.8ms)[0m  [1m[32mINSERT INTO "mining_types" ("description", "acronym", "created_at", "updated_at") VALUES (?, ?, ?, ?)[0m  [["description", "Proof of Work"], ["acronym", "SoW"], ["created_at", "2021-11-18 23:02:40.766740"], ["updated_at", "2021-11-18 23:02:40.766740"]]
  ↳ db/seeds.rb:27
  [1m[35m (112.8ms)[0m  [1m[36mcommit transaction[0m
  ↳ db/seeds.rb:27
  [1m[36mMiningType Load (0.4ms)[0m  [1m[34mSELECT  "mining_types".* FROM "mining_types" WHERE "mining_types"."description" = ? AND "mining_types"."acronym" = ? LIMIT ?[0m  [["description", "Proof of Stake"], ["acronym", "SoS"], ["LIMIT", 1]]
  ↳ db/seeds.rb:27
  [1m[35m (0.2ms)[0m  [1m[36mbegin transaction[0m
  ↳ db/seeds.rb:27
  [1m[36mMiningType Create (0.7ms)[0m  [1m[32mINSERT INTO "mining_types" ("description", "acronym", "created_at", "updated_at") VALUES (?, ?, ?, ?)[0m  [["description", "Proof of Stake"], ["acronym", "SoS"], ["created_at", "2021-11-18 23:02:40.890381"], ["updated_at", "2021-11-18 23:02:40.890381"]]
  ↳ db/seeds.rb:27
  [1m[35m (153.3ms)[0m  [1m[36mcommit transaction[0m
  ↳ db/seeds.rb:27
  [1m[36mMiningType Load (0.4ms)[0m  [1m[34mSELECT  "mining_types".* FROM "mining_types" WHERE "mining_types"."description" = ? AND "mining_types"."acronym" = ? LIMIT ?[0m  [["description", "Proof of Capacity"], ["acronym", "SoC"], ["LIMIT", 1]]
  ↳ db/seeds.rb:27
  [1m[35m (0.1ms)[0m  [1m[36mbegin transaction[0m
  ↳ db/seeds.rb:27
  [1m[36mMiningType Create (0.7ms)[0m  [1m[32mINSERT INTO "mining_types" ("description", "acronym", "created_at", "updated_at") VALUES (?, ?, ?, ?)[0m  [["description", "Proof of Capacity"], ["acronym", "SoC"], ["created_at", "2021-11-18 23:02:41.057976"], ["updated_at", "2021-11-18 23:02:41.057976"]]
  ↳ db/seeds.rb:27
  [1m[35m (152.2ms)[0m  [1m[36mcommit transaction[0m
  ↳ db/seeds.rb:27
  [1m[36mMiningType Load (0.6ms)[0m  [1m[34mSELECT  "mining_types".* FROM "mining_types" WHERE "mining_types"."acronym" = ? ORDER BY "mining_types"."id" ASC LIMIT ?[0m  [["acronym", "SoW"], ["LIMIT", 1]]
  ↳ db/seeds.rb:39
  [1m[36mMiningType Load (0.6ms)[0m  [1m[34mSELECT "mining_types".* FROM "mining_types"[0m
  ↳ db/seeds.rb:46
  [1m[36mMiningType Load (0.3ms)[0m  [1m[34mSELECT "mining_types".* FROM "mining_types"[0m
  ↳ db/seeds.rb:53
  [1m[36mMiningType Load (0.3ms)[0m  [1m[34mSELECT "mining_types".* FROM "mining_types"[0m
  ↳ db/seeds.rb:60
  [1m[36mCoin Load (0.3ms)[0m  [1m[34mSELECT  "coins".* FROM "coins" WHERE "coins"."description" = ? AND "coins"."acronym" = ? AND "coins"."url_image" = ? AND "coins"."mining_type_id" = ? LIMIT ?[0m  [["description", "Bitcoin"], ["acronym", "BTC"], ["url_image", "https://upload.wikimedia.org/wikipedia/commons/c/cf/Bitcoin.com_logo.png"], ["mining_type_id", 1], ["LIMIT", 1]]
  ↳ db/seeds.rb:65
  [1m[35m (0.1ms)[0m  [1m[36mbegin transaction[0m
  ↳ db/seeds.rb:65
  [1m[36mCoin Create (0.4ms)[0m  [1m[32mINSERT INTO "coins" ("description", "acronym", "url_image", "created_at", "updated_at", "mining_type_id") VALUES (?, ?, ?, ?, ?, ?)[0m  [["description", "Bitcoin"], ["acronym", "BTC"], ["url_image", "https://upload.wikimedia.org/wikipedia/commons/c/cf/Bitcoin.com_logo.png"], ["created_at", "2021-11-18 23:02:41.275399"], ["updated_at", "2021-11-18 23:02:41.275399"], ["mining_type_id", 1]]
  ↳ db/seeds.rb:65
  [1m[35m (105.0ms)[0m  [1m[36mcommit transaction[0m
  ↳ db/seeds.rb:65
  [1m[36mCoin Load (0.4ms)[0m  [1m[34mSELECT  "coins".* FROM "coins" WHERE "coins"."description" = ? AND "coins"."acronym" = ? AND "coins"."url_image" = ? AND "coins"."mining_type_id" = ? LIMIT ?[0m  [["description", "Etherium"], ["acronym", "ETH"], ["url_image", "https://s2.coinmarketcap.com/static/img/coins/200x200/1027.png"], ["mining_type_id", 3], ["LIMIT", 1]]
  ↳ db/seeds.rb:65
  [1m[35m (0.2ms)[0m  [1m[36mbegin transaction[0m
  ↳ db/seeds.rb:65
  [1m[36mCoin Create (1.1ms)[0m  [1m[32mINSERT INTO "coins" ("description", "acronym", "url_image", "created_at", "updated_at", "mining_type_id") VALUES (?, ?, ?, ?, ?, ?)[0m  [["description", "Etherium"], ["acronym", "ETH"], ["url_image", "https://s2.coinmarketcap.com/static/img/coins/200x200/1027.png"], ["created_at", "2021-11-18 23:02:41.392651"], ["updated_at", "2021-11-18 23:02:41.392651"], ["mining_type_id", 3]]
  ↳ db/seeds.rb:65
  [1m[35m (103.6ms)[0m  [1m[36mcommit transaction[0m
  ↳ db/seeds.rb:65
  [1m[36mCoin Load (0.4ms)[0m  [1m[34mSELECT  "coins".* FROM "coins" WHERE "coins"."description" = ? AND "coins"."acronym" = ? AND "coins"."url_image" = ? AND "coins"."mining_type_id" = ? LIMIT ?[0m  [["description", "Dash"], ["acronym", "D"], ["url_image", "https://s2.coinmarketcap.com/static/img/coins/200x200/131.png"], ["mining_type_id", 1], ["LIMIT", 1]]
  ↳ db/seeds.rb:65
  [1m[35m (0.2ms)[0m  [1m[36mbegin transaction[0m
  ↳ db/seeds.rb:65
  [1m[36mCoin Create (1.1ms)[0m  [1m[32mINSERT INTO "coins" ("description", "acronym", "url_image", "created_at", "updated_at", "mining_type_id") VALUES (?, ?, ?, ?, ?, ?)[0m  [["description", "Dash"], ["acronym", "D"], ["url_image", "https://s2.coinmarketcap.com/static/img/coins/200x200/131.png"], ["created_at", "2021-11-18 23:02:41.512702"], ["updated_at", "2021-11-18 23:02:41.512702"], ["mining_type_id", 1]]
  ↳ db/seeds.rb:65
  [1m[35m (158.0ms)[0m  [1m[36mcommit transaction[0m
  ↳ db/seeds.rb:65
  [1m[36mCoin Load (0.4ms)[0m  [1m[34mSELECT  "coins".* FROM "coins" WHERE "coins"."description" = ? AND "coins"."acronym" = ? AND "coins"."url_image" = ? AND "coins"."mining_type_id" = ? LIMIT ?[0m  [["description", "Zcash"], ["acronym", "ZEC"], ["url_image", "https://d87vq4ek5czrn.cloudfront.net/wp-content/uploads/2019/02/zec.png"], ["mining_type_id", 2], ["LIMIT", 1]]
  ↳ db/seeds.rb:65
  [1m[35m (0.2ms)[0m  [1m[36mbegin transaction[0m
  ↳ db/seeds.rb:65
  [1m[36mCoin Create (1.1ms)[0m  [1m[32mINSERT INTO "coins" ("description", "acronym", "url_image", "created_at", "updated_at", "mining_type_id") VALUES (?, ?, ?, ?, ?, ?)[0m  [["description", "Zcash"], ["acronym", "ZEC"], ["url_image", "https://d87vq4ek5czrn.cloudfront.net/wp-content/uploads/2019/02/zec.png"], ["created_at", "2021-11-18 23:02:41.683870"], ["updated_at", "2021-11-18 23:02:41.683870"], ["mining_type_id", 2]]
  ↳ db/seeds.rb:65
  [1m[35m (182.8ms)[0m  [1m[36mcommit transaction[0m
  ↳ db/seeds.rb:65
Started GET "/" for 127.0.0.1 at 2021-11-18 20:03:14 -0300
  [1m[35m (0.2ms)[0m  [1m[34mSELECT "schema_migrations"."version" FROM "schema_migrations" ORDER BY "schema_migrations"."version" ASC[0m
  ↳ /home/romarioluz/.rvm/gems/ruby-2.4.4/gems/activerecord-5.2.6/lib/active_record/log_subscriber.rb:98
Processing by WelcomeController#index as HTML
  Rendering welcome/index.html.erb within layouts/application
  Rendered welcome/_menu.html.erb (1.2ms)
  Rendered welcome/index.html.erb within layouts/application (23.0ms)
Completed 500 Internal Server Error in 222ms (ActiveRecord: 0.0ms)


  
ActionView::Template::Error (couldn't find file 'bootstrap/dist/css/bootstrap' with type 'text/css'
Checked in these paths: 
  /home/romarioluz/primeiro-exemplo/crypto_wallt/app/assets/config
  /home/romarioluz/primeiro-exemplo/crypto_wallt/app/assets/images
  /home/romarioluz/primeiro-exemplo/crypto_wallt/app/assets/javascripts
  /home/romarioluz/primeiro-exemplo/crypto_wallt/app/assets/stylesheets
  /home/romarioluz/.rvm/gems/ruby-2.4.4/gems/coffee-rails-4.2.2/lib/assets/javascripts
  /home/romarioluz/.rvm/gems/ruby-2.4.4/gems/actioncable-5.2.6/lib/assets/compiled
  /home/romarioluz/.rvm/gems/ruby-2.4.4/gems/activestorage-5.2.6/app/assets/javascripts
  /home/romarioluz/.rvm/gems/ruby-2.4.4/gems/actionview-5.2.6/lib/assets/compiled
  /home/romarioluz/.rvm/gems/ruby-2.4.4/gems/turbolinks-source-5.2.0/lib/assets/javascripts
  /home/romarioluz/primeiro-exemplo/crypto_wallt/node_modules):
     5:     <%= csrf_meta_tags %>
     6:     <%= csp_meta_tag %>
     7: 
     8:     <%= stylesheet_link_tag    'application', media: 'all', 'data-turbolinks-track': 'reload' %>
     9:     <%= stylesheet_link_tag    params[:controller], media: 'all', 'data-turbolinks-track': 'reload' %>
    10:     
    11:     <%= javascript_include_tag 'application', 'data-turbolinks-track': 'reload' %>
  
app/assets/stylesheets/application.css:14
app/views/layouts/application.html.erb:8:in `_app_views_layouts_application_html_erb__2910444752252897423_47105726323200'
Started GET "/" for 127.0.0.1 at 2021-11-18 20:15:57 -0300
  [1m[35m (0.2ms)[0m  [1m[34mSELECT "schema_migrations"."version" FROM "schema_migrations" ORDER BY "schema_migrations"."version" ASC[0m
  ↳ /home/romarioluz/.rvm/gems/ruby-2.4.4/gems/activerecord-5.2.6/lib/active_record/log_subscriber.rb:98
Processing by WelcomeController#index as HTML
  Rendering welcome/index.html.erb within layouts/application
  Rendered welcome/_menu.html.erb (1.3ms)
  Rendered welcome/index.html.erb within layouts/application (5.4ms)
Completed 500 Internal Server Error in 237ms (ActiveRecord: 0.0ms)


  
ActionView::Template::Error (couldn't find file 'bootstrap/dist/css/bootstrap' with type 'text/css'
Checked in these paths: 
  /home/romarioluz/primeiro-exemplo/crypto_wallt/app/assets/config
  /home/romarioluz/primeiro-exemplo/crypto_wallt/app/assets/images
  /home/romarioluz/primeiro-exemplo/crypto_wallt/app/assets/javascripts
  /home/romarioluz/primeiro-exemplo/crypto_wallt/app/assets/stylesheets
  /home/romarioluz/.rvm/gems/ruby-2.4.4/gems/coffee-rails-4.2.2/lib/assets/javascripts
  /home/romarioluz/.rvm/gems/ruby-2.4.4/gems/actioncable-5.2.6/lib/assets/compiled
  /home/romarioluz/.rvm/gems/ruby-2.4.4/gems/activestorage-5.2.6/app/assets/javascripts
  /home/romarioluz/.rvm/gems/ruby-2.4.4/gems/actionview-5.2.6/lib/assets/compiled
  /home/romarioluz/.rvm/gems/ruby-2.4.4/gems/turbolinks-source-5.2.0/lib/assets/javascripts
  /home/romarioluz/primeiro-exemplo/crypto_wallt/node_modules):
     5:     <%= csrf_meta_tags %>
     6:     <%= csp_meta_tag %>
     7: 
     8:     <%= stylesheet_link_tag    'application', media: 'all', 'data-turbolinks-track': 'reload' %>
     9:     <%= stylesheet_link_tag    params[:controller], media: 'all', 'data-turbolinks-track': 'reload' %>
    10:     
    11:     <%= javascript_include_tag 'application', 'data-turbolinks-track': 'reload' %>
  
app/assets/stylesheets/application.css:14
app/views/layouts/application.html.erb:8:in `_app_views_layouts_application_html_erb___3399016355446348496_47433941094500'
Started GET "/" for 127.0.0.1 at 2021-11-18 20:20:09 -0300
  [1m[35m (0.3ms)[0m  [1m[34mSELECT "schema_migrations"."version" FROM "schema_migrations" ORDER BY "schema_migrations"."version" ASC[0m
  ↳ /home/romarioluz/.rvm/gems/ruby-2.4.4/gems/activerecord-5.2.6/lib/active_record/log_subscriber.rb:98
Processing by WelcomeController#index as HTML
  Rendering welcome/index.html.erb within layouts/application
  Rendered welcome/_menu.html.erb (2.2ms)
  Rendered welcome/index.html.erb within layouts/application (5.5ms)
Completed 200 OK in 2750ms (Views: 2739.7ms | ActiveRecord: 0.0ms)


Started GET "/coins" for 127.0.0.1 at 2021-11-18 20:20:24 -0300
Processing by CoinsController#index as HTML
  Rendering coins/index.html.erb within layouts/application
  [1m[36mCoin Load (8.4ms)[0m  [1m[34mSELECT "coins".* FROM "coins"[0m
  ↳ app/views/coins/index.html.erb:18
  Rendered coins/index.html.erb within layouts/application (1744.9ms)
Completed 200 OK in 2089ms (Views: 1799.5ms | ActiveRecord: 10.0ms)


Started GET "/coins" for 127.0.0.1 at 2021-11-18 20:20:26 -0300
Processing by CoinsController#index as HTML
  Rendering coins/index.html.erb within layouts/application
  [1m[36mCoin Load (0.3ms)[0m  [1m[34mSELECT "coins".* FROM "coins"[0m
  ↳ app/views/coins/index.html.erb:18
  Rendered coins/index.html.erb within layouts/application (9.6ms)
Completed 200 OK in 66ms (Views: 63.6ms | ActiveRecord: 0.3ms)


Started GET "/" for 127.0.0.1 at 2021-11-18 20:20:34 -0300
Processing by WelcomeController#index as HTML
  Rendering welcome/index.html.erb within layouts/application
  Rendered welcome/_menu.html.erb (1.3ms)
  Rendered welcome/index.html.erb within layouts/application (3.9ms)
Completed 200 OK in 58ms (Views: 54.2ms | ActiveRecord: 0.0ms)


Started GET "/" for 127.0.0.1 at 2021-11-18 20:20:34 -0300
Processing by WelcomeController#index as HTML
  Rendering welcome/index.html.erb within layouts/application
  Rendered welcome/_menu.html.erb (1.1ms)
  Rendered welcome/index.html.erb within layouts/application (3.2ms)
Completed 200 OK in 62ms (Views: 60.0ms | ActiveRecord: 0.0ms)


Started GET "/mining_types" for 127.0.0.1 at 2021-11-18 20:20:36 -0300
Processing by MiningTypesController#index as HTML
  Rendering mining_types/index.html.erb within layouts/application
  [1m[36mMiningType Load (2.3ms)[0m  [1m[34mSELECT "mining_types".* FROM "mining_types"[0m
  ↳ app/views/mining_types/index.html.erb:15
  Rendered mining_types/index.html.erb within layouts/application (25.4ms)
Completed 200 OK in 115ms (Views: 84.2ms | ActiveRecord: 3.3ms)


Started GET "/mining_types" for 127.0.0.1 at 2021-11-18 20:20:36 -0300
Processing by MiningTypesController#index as HTML
  Rendering mining_types/index.html.erb within layouts/application
  [1m[36mMiningType Load (0.5ms)[0m  [1m[34mSELECT "mining_types".* FROM "mining_types"[0m
  ↳ app/views/mining_types/index.html.erb:15
  Rendered mining_types/index.html.erb within layouts/application (7.7ms)
Completed 200 OK in 72ms (Views: 68.4ms | ActiveRecord: 0.5ms)


Started GET "/" for 127.0.0.1 at 2021-11-18 20:20:46 -0300
Processing by WelcomeController#index as HTML
  Rendering welcome/index.html.erb within layouts/application
  Rendered welcome/_menu.html.erb (0.8ms)
  Rendered welcome/index.html.erb within layouts/application (2.5ms)
Completed 200 OK in 67ms (Views: 65.4ms | ActiveRecord: 0.0ms)


Started GET "/" for 127.0.0.1 at 2021-11-18 20:20:46 -0300
Processing by WelcomeController#index as HTML
  Rendering welcome/index.html.erb within layouts/application
  Rendered welcome/_menu.html.erb (1.0ms)
  Rendered welcome/index.html.erb within layouts/application (3.6ms)
Completed 200 OK in 64ms (Views: 61.9ms | ActiveRecord: 0.0ms)


Started GET "/mining_types" for 127.0.0.1 at 2021-11-18 20:34:44 -0300
Processing by MiningTypesController#index as HTML
  Rendering mining_types/index.html.erb within layouts/application
  [1m[36mMiningType Load (0.7ms)[0m  [1m[34mSELECT "mining_types".* FROM "mining_types"[0m
  ↳ app/views/mining_types/index.html.erb:15
  Rendered mining_types/index.html.erb within layouts/application (7.7ms)
Completed 200 OK in 69ms (Views: 66.0ms | ActiveRecord: 0.7ms)


Started GET "/mining_types" for 127.0.0.1 at 2021-11-18 20:34:44 -0300
Processing by MiningTypesController#index as HTML
  Rendering mining_types/index.html.erb within layouts/application
  [1m[36mMiningType Load (0.2ms)[0m  [1m[34mSELECT "mining_types".* FROM "mining_types"[0m
  ↳ app/views/mining_types/index.html.erb:15
  Rendered mining_types/index.html.erb within layouts/application (6.7ms)
Completed 200 OK in 50ms (Views: 47.9ms | ActiveRecord: 0.2ms)


Started GET "/mining_types/new" for 127.0.0.1 at 2021-11-18 20:34:48 -0300
Processing by MiningTypesController#new as HTML
  Rendering mining_types/new.html.erb within layouts/application
  Rendered mining_types/_form.html.erb (957.8ms)
  Rendered mining_types/new.html.erb within layouts/application (960.1ms)
Completed 200 OK in 1005ms (Views: 1002.1ms | ActiveRecord: 0.0ms)


Started GET "/mining_types" for 127.0.0.1 at 2021-11-18 20:34:51 -0300
Processing by MiningTypesController#index as HTML
  Rendering mining_types/index.html.erb within layouts/application
  [1m[36mMiningType Load (0.3ms)[0m  [1m[34mSELECT "mining_types".* FROM "mining_types"[0m
  ↳ app/views/mining_types/index.html.erb:15
  Rendered mining_types/index.html.erb within layouts/application (11.8ms)
Completed 200 OK in 74ms (Views: 67.8ms | ActiveRecord: 0.3ms)


Started GET "/" for 127.0.0.1 at 2021-11-18 20:34:55 -0300
Processing by WelcomeController#index as HTML
  Rendering welcome/index.html.erb within layouts/application
  Rendered welcome/_menu.html.erb (0.6ms)
  Rendered welcome/index.html.erb within layouts/application (2.3ms)
Completed 200 OK in 49ms (Views: 46.5ms | ActiveRecord: 0.0ms)


Started GET "/" for 127.0.0.1 at 2021-11-18 20:34:55 -0300
Processing by WelcomeController#index as HTML
  Rendering welcome/index.html.erb within layouts/application
  Rendered welcome/_menu.html.erb (1.1ms)
  Rendered welcome/index.html.erb within layouts/application (4.0ms)
Completed 200 OK in 58ms (Views: 56.7ms | ActiveRecord: 0.0ms)


Started GET "/coins" for 127.0.0.1 at 2021-11-18 20:34:57 -0300
Processing by CoinsController#index as HTML
  Rendering coins/index.html.erb within layouts/application
  [1m[36mCoin Load (0.3ms)[0m  [1m[34mSELECT "coins".* FROM "coins"[0m
  ↳ app/views/coins/index.html.erb:18
  Rendered coins/index.html.erb within layouts/application (6.9ms)
Completed 200 OK in 51ms (Views: 49.4ms | ActiveRecord: 0.3ms)


Started GET "/coins" for 127.0.0.1 at 2021-11-18 20:34:57 -0300
Processing by CoinsController#index as HTML
  Rendering coins/index.html.erb within layouts/application
  [1m[36mCoin Load (0.2ms)[0m  [1m[34mSELECT "coins".* FROM "coins"[0m
  ↳ app/views/coins/index.html.erb:18
  Rendered coins/index.html.erb within layouts/application (7.6ms)
Completed 200 OK in 55ms (Views: 52.7ms | ActiveRecord: 0.2ms)


Started GET "/coins/1" for 127.0.0.1 at 2021-11-18 20:35:02 -0300
Processing by CoinsController#show as HTML
  Parameters: {"id"=>"1"}
  [1m[36mCoin Load (0.3ms)[0m  [1m[34mSELECT  "coins".* FROM "coins" WHERE "coins"."id" = ? LIMIT ?[0m  [["id", 1], ["LIMIT", 1]]
  ↳ app/controllers/coins_controller.rb:63
  Rendering coins/show.html.erb within layouts/application
  Rendered coins/show.html.erb within layouts/application (1.6ms)
Completed 200 OK in 109ms (Views: 45.0ms | ActiveRecord: 0.3ms)


Started GET "/coins" for 127.0.0.1 at 2021-11-18 20:35:05 -0300
Processing by CoinsController#index as HTML
  Rendering coins/index.html.erb within layouts/application
  [1m[36mCoin Load (0.4ms)[0m  [1m[34mSELECT "coins".* FROM "coins"[0m
  ↳ app/views/coins/index.html.erb:18
  Rendered coins/index.html.erb within layouts/application (10.3ms)
Completed 200 OK in 62ms (Views: 59.1ms | ActiveRecord: 0.4ms)


Started GET "/coins/2/edit" for 127.0.0.1 at 2021-11-18 20:35:07 -0300
Processing by CoinsController#edit as HTML
  Parameters: {"id"=>"2"}
  [1m[36mCoin Load (0.1ms)[0m  [1m[34mSELECT  "coins".* FROM "coins" WHERE "coins"."id" = ? LIMIT ?[0m  [["id", 2], ["LIMIT", 1]]
  ↳ app/controllers/coins_controller.rb:63
  [1m[35m (0.3ms)[0m  [1m[34mSELECT "mining_types"."description", "mining_types"."id" FROM "mining_types"[0m
  ↳ app/controllers/coins_controller.rb:72
  Rendering coins/edit.html.erb within layouts/application
  Rendered coins/_form.html.erb (11.4ms)
  Rendered coins/edit.html.erb within layouts/application (14.6ms)
Completed 200 OK in 71ms (Views: 65.0ms | ActiveRecord: 0.5ms)


Started GET "/coins" for 127.0.0.1 at 2021-11-18 20:35:09 -0300
Processing by CoinsController#index as HTML
  Rendering coins/index.html.erb within layouts/application
  [1m[36mCoin Load (0.3ms)[0m  [1m[34mSELECT "coins".* FROM "coins"[0m
  ↳ app/views/coins/index.html.erb:18
  Rendered coins/index.html.erb within layouts/application (8.5ms)
Completed 200 OK in 59ms (Views: 55.8ms | ActiveRecord: 0.3ms)


Started GET "/coins/new" for 127.0.0.1 at 2021-11-18 20:35:12 -0300
Processing by CoinsController#new as HTML
  [1m[35m (1.2ms)[0m  [1m[34mSELECT "mining_types"."description", "mining_types"."id" FROM "mining_types"[0m
  ↳ app/controllers/coins_controller.rb:72
  Rendering coins/new.html.erb within layouts/application
  Rendered coins/_form.html.erb (10.3ms)
  Rendered coins/new.html.erb within layouts/application (13.8ms)
Completed 200 OK in 80ms (Views: 67.7ms | ActiveRecord: 1.2ms)


Started GET "/coins" for 127.0.0.1 at 2021-11-18 20:35:17 -0300
Processing by CoinsController#index as HTML
  Rendering coins/index.html.erb within layouts/application
  [1m[36mCoin Load (0.2ms)[0m  [1m[34mSELECT "coins".* FROM "coins"[0m
  ↳ app/views/coins/index.html.erb:18
  Rendered coins/index.html.erb within layouts/application (19.2ms)
Completed 200 OK in 68ms (Views: 64.1ms | ActiveRecord: 0.2ms)


Started GET "/" for 127.0.0.1 at 2021-11-18 20:35:24 -0300
Processing by WelcomeController#index as HTML
  Rendering welcome/index.html.erb within layouts/application
  Rendered welcome/_menu.html.erb (1.0ms)
  Rendered welcome/index.html.erb within layouts/application (3.8ms)
Completed 200 OK in 44ms (Views: 42.8ms | ActiveRecord: 0.0ms)


Started GET "/" for 127.0.0.1 at 2021-11-18 20:35:24 -0300
Processing by WelcomeController#index as HTML
  Rendering welcome/index.html.erb within layouts/application
  Rendered welcome/_menu.html.erb (2.8ms)
  Rendered welcome/index.html.erb within layouts/application (6.0ms)
Completed 200 OK in 52ms (Views: 50.4ms | ActiveRecord: 0.0ms)


Started GET "/mining_types" for 127.0.0.1 at 2021-11-18 20:35:27 -0300
Processing by MiningTypesController#index as HTML
  Rendering mining_types/index.html.erb within layouts/application
  [1m[36mMiningType Load (0.3ms)[0m  [1m[34mSELECT "mining_types".* FROM "mining_types"[0m
  ↳ app/views/mining_types/index.html.erb:15
  Rendered mining_types/index.html.erb within layouts/application (8.0ms)
Completed 200 OK in 69ms (Views: 66.3ms | ActiveRecord: 0.3ms)


Started GET "/mining_types" for 127.0.0.1 at 2021-11-18 20:35:27 -0300
Processing by MiningTypesController#index as HTML
  Rendering mining_types/index.html.erb within layouts/application
  [1m[36mMiningType Load (0.2ms)[0m  [1m[34mSELECT "mining_types".* FROM "mining_types"[0m
  ↳ app/views/mining_types/index.html.erb:15
  Rendered mining_types/index.html.erb within layouts/application (6.1ms)
Completed 200 OK in 48ms (Views: 45.8ms | ActiveRecord: 0.2ms)


Started GET "/" for 127.0.0.1 at 2021-11-18 20:35:29 -0300
Processing by WelcomeController#index as HTML
  Rendering welcome/index.html.erb within layouts/application
  Rendered welcome/_menu.html.erb (1.2ms)
  Rendered welcome/index.html.erb within layouts/application (3.4ms)
Completed 200 OK in 45ms (Views: 43.6ms | ActiveRecord: 0.0ms)


Started GET "/" for 127.0.0.1 at 2021-11-18 20:35:29 -0300
Processing by WelcomeController#index as HTML
  Rendering welcome/index.html.erb within layouts/application
  Rendered welcome/_menu.html.erb (2.0ms)
  Rendered welcome/index.html.erb within layouts/application (4.4ms)
Completed 200 OK in 52ms (Views: 50.8ms | ActiveRecord: 0.0ms)


Started GET "/" for 127.0.0.1 at 2021-11-18 20:42:07 -0300
  [1m[35m (0.2ms)[0m  [1m[34mSELECT "schema_migrations"."version" FROM "schema_migrations" ORDER BY "schema_migrations"."version" ASC[0m
  ↳ /home/romarioluz/.rvm/gems/ruby-2.4.4/gems/activerecord-5.2.6/lib/active_record/log_subscriber.rb:98
Processing by WelcomeController#index as HTML
  Rendering welcome/index.html.erb within layouts/application
  Rendered welcome/_menu.html.erb (0.6ms)
  Rendered welcome/index.html.erb within layouts/application (6.5ms)
Completed 200 OK in 303ms (Views: 294.1ms | ActiveRecord: 0.0ms)


Started GET "/?locale=pt-BR" for 127.0.0.1 at 2021-11-18 20:42:14 -0300
Processing by WelcomeController#index as HTML
  Parameters: {"locale"=>"pt-BR"}
  Rendering welcome/index.html.erb within layouts/application
  Rendered welcome/_menu.html.erb (1.1ms)
  Rendered welcome/index.html.erb within layouts/application (3.4ms)
Completed 200 OK in 78ms (Views: 76.1ms | ActiveRecord: 0.0ms)


Started GET "/?locale=en" for 127.0.0.1 at 2021-11-18 20:42:16 -0300
Processing by WelcomeController#index as HTML
  Parameters: {"locale"=>"en"}
  Rendering welcome/index.html.erb within layouts/application
  Rendered welcome/_menu.html.erb (1.9ms)
  Rendered welcome/index.html.erb within layouts/application (5.3ms)
Completed 200 OK in 115ms (Views: 111.3ms | ActiveRecord: 0.0ms)


Started GET "/?locale=pt-BR" for 127.0.0.1 at 2021-11-18 20:42:18 -0300
Processing by WelcomeController#index as HTML
  Parameters: {"locale"=>"pt-BR"}
  Rendering welcome/index.html.erb within layouts/application
  Rendered welcome/_menu.html.erb (1.6ms)
  Rendered welcome/index.html.erb within layouts/application (3.8ms)
Completed 200 OK in 94ms (Views: 90.5ms | ActiveRecord: 0.0ms)


Started GET "/?locale=pt-BR" for 127.0.0.1 at 2021-11-18 20:42:52 -0300
Processing by WelcomeController#index as HTML
  Parameters: {"locale"=>"pt-BR"}
  Rendering welcome/index.html.erb within layouts/application
  Rendered welcome/_menu.html.erb (1.2ms)
  Rendered welcome/index.html.erb within layouts/application (82.6ms)
Completed 200 OK in 129ms (Views: 126.2ms | ActiveRecord: 0.0ms)


Started GET "/?locale=pt-BR" for 127.0.0.1 at 2021-11-18 20:42:55 -0300
Processing by WelcomeController#index as HTML
  Parameters: {"locale"=>"pt-BR"}
  Rendering welcome/index.html.erb within layouts/application
  Rendered welcome/_menu.html.erb (1.1ms)
  Rendered welcome/index.html.erb within layouts/application (3.4ms)
Completed 200 OK in 59ms (Views: 56.2ms | ActiveRecord: 0.0ms)


Started GET "/?locale=en" for 127.0.0.1 at 2021-11-18 20:42:59 -0300
Processing by WelcomeController#index as HTML
  Parameters: {"locale"=>"en"}
  Rendering welcome/index.html.erb within layouts/application
  Rendered welcome/_menu.html.erb (1.3ms)
  Rendered welcome/index.html.erb within layouts/application (5.1ms)
Completed 200 OK in 55ms (Views: 52.2ms | ActiveRecord: 0.0ms)


Started GET "/?locale=en" for 127.0.0.1 at 2021-11-18 20:43:26 -0300
Processing by WelcomeController#index as HTML
  Parameters: {"locale"=>"en"}
  Rendering welcome/index.html.erb within layouts/application
  Rendered welcome/_menu.html.erb (3.3ms)
  Rendered welcome/index.html.erb within layouts/application (12.6ms)
Completed 200 OK in 94ms (Views: 85.8ms | ActiveRecord: 0.0ms)


Started GET "/?locale=pt-BR" for 127.0.0.1 at 2021-11-18 20:43:29 -0300
Processing by WelcomeController#index as HTML
  Parameters: {"locale"=>"pt-BR"}
  Rendering welcome/index.html.erb within layouts/application
  Rendered welcome/_menu.html.erb (1.4ms)
  Rendered welcome/index.html.erb within layouts/application (4.7ms)
Completed 200 OK in 66ms (Views: 63.7ms | ActiveRecord: 0.0ms)


Started GET "/" for 127.0.0.1 at 2021-11-18 20:49:10 -0300
Processing by WelcomeController#index as HTML
  Rendering welcome/index.html.erb within layouts/application
  Rendered welcome/_menu.html.erb (0.8ms)
  Rendered welcome/index.html.erb within layouts/application (77.7ms)
Completed 200 OK in 129ms (Views: 126.0ms | ActiveRecord: 0.0ms)


Started GET "/?locale=en" for 127.0.0.1 at 2021-11-18 20:49:13 -0300
Processing by WelcomeController#index as HTML
  Parameters: {"locale"=>"en"}
  Rendering welcome/index.html.erb within layouts/application
  Rendered welcome/_menu.html.erb (2.0ms)
  Rendered welcome/index.html.erb within layouts/application (4.6ms)
Completed 200 OK in 67ms (Views: 64.1ms | ActiveRecord: 0.0ms)


Started GET "/?locale=pt-BR" for 127.0.0.1 at 2021-11-18 20:49:16 -0300
Processing by WelcomeController#index as HTML
  Parameters: {"locale"=>"pt-BR"}
  Rendering welcome/index.html.erb within layouts/application
  Rendered welcome/_menu.html.erb (0.9ms)
  Rendered welcome/index.html.erb within layouts/application (3.5ms)
Completed 200 OK in 59ms (Views: 56.3ms | ActiveRecord: 0.0ms)


Started GET "/?locale=en" for 127.0.0.1 at 2021-11-18 20:49:18 -0300
Processing by WelcomeController#index as HTML
  Parameters: {"locale"=>"en"}
  Rendering welcome/index.html.erb within layouts/application
  Rendered welcome/_menu.html.erb (1.1ms)
  Rendered welcome/index.html.erb within layouts/application (4.9ms)
Completed 200 OK in 65ms (Views: 61.9ms | ActiveRecord: 0.0ms)


Started GET "/?locale=pt-BR" for 127.0.0.1 at 2021-11-18 20:49:21 -0300
Processing by WelcomeController#index as HTML
  Parameters: {"locale"=>"pt-BR"}
  Rendering welcome/index.html.erb within layouts/application
  Rendered welcome/_menu.html.erb (1.1ms)
  Rendered welcome/index.html.erb within layouts/application (3.6ms)
Completed 200 OK in 56ms (Views: 53.5ms | ActiveRecord: 0.0ms)


Started GET "/?locale=pt-BR" for 127.0.0.1 at 2021-11-18 20:58:27 -0300
Processing by WelcomeController#index as HTML
  Parameters: {"locale"=>"pt-BR"}
  Rendering welcome/index.html.erb within layouts/application
  Rendered welcome/_menu.html.erb (1.9ms)
  Rendered welcome/index.html.erb within layouts/application (80.2ms)
Completed 200 OK in 140ms (Views: 138.1ms | ActiveRecord: 0.0ms)


Started GET "/?locale=en" for 127.0.0.1 at 2021-11-18 20:58:29 -0300
Processing by WelcomeController#index as HTML
  Parameters: {"locale"=>"en"}
  Rendering welcome/index.html.erb within layouts/application
  Rendered welcome/_menu.html.erb (1.0ms)
  Rendered welcome/index.html.erb within layouts/application (3.5ms)
Completed 200 OK in 58ms (Views: 55.6ms | ActiveRecord: 0.0ms)


Started GET "/?locale=pt-BR" for 127.0.0.1 at 2021-11-18 20:58:32 -0300
Processing by WelcomeController#index as HTML
  Parameters: {"locale"=>"pt-BR"}
  Rendering welcome/index.html.erb within layouts/application
  Rendered welcome/_menu.html.erb (0.7ms)
  Rendered welcome/index.html.erb within layouts/application (2.6ms)
Completed 200 OK in 55ms (Views: 52.8ms | ActiveRecord: 0.0ms)


Started GET "/" for 127.0.0.1 at 2021-11-18 21:04:11 -0300
Processing by WelcomeController#index as HTML
  Rendering welcome/index.html.erb within layouts/application
  Rendered welcome/_menu.html.erb (16.6ms)
  Rendered welcome/index.html.erb within layouts/application (19.2ms)
Completed 500 Internal Server Error in 25ms (ActiveRecord: 0.0ms)


  
ActionView::Template::Error (wrong number of arguments (given 4, expected 0..3)):
    1: 
    2: <%= link_to  "#{Coin.model_name.human}" , "Cadastro de Moedas", coins_path , class:"btn btn-primary btn-lg" , role:"button" %> 
    3: <%= link_to "#{MiningType.model_name.human}", mining_types_path , class:"btn btn-primary btn-lg" , role:"button" %> 
  
app/views/welcome/_menu.html.erb:2:in `_app_views_welcome__menu_html_erb___724472594419095729_69887690255140'
app/views/welcome/index.html.erb:6:in `_app_views_welcome_index_html_erb__3879862006393116868_69887690276060'
Started GET "/" for 127.0.0.1 at 2021-11-18 21:04:49 -0300
Processing by WelcomeController#index as HTML
  Rendering welcome/index.html.erb within layouts/application
  Rendered welcome/_menu.html.erb (13.5ms)
  Rendered welcome/index.html.erb within layouts/application (16.1ms)
Completed 200 OK in 78ms (Views: 76.7ms | ActiveRecord: 0.0ms)


Started GET "/?locale=en" for 127.0.0.1 at 2021-11-18 21:04:56 -0300
Processing by WelcomeController#index as HTML
  Parameters: {"locale"=>"en"}
  Rendering welcome/index.html.erb within layouts/application
  Rendered welcome/_menu.html.erb (1.1ms)
  Rendered welcome/index.html.erb within layouts/application (4.0ms)
Completed 200 OK in 66ms (Views: 63.6ms | ActiveRecord: 0.0ms)


Started GET "/?locale=pt-BR" for 127.0.0.1 at 2021-11-18 21:04:59 -0300
Processing by WelcomeController#index as HTML
  Parameters: {"locale"=>"pt-BR"}
  Rendering welcome/index.html.erb within layouts/application
  Rendered welcome/_menu.html.erb (1.6ms)
  Rendered welcome/index.html.erb within layouts/application (4.0ms)
Completed 200 OK in 70ms (Views: 67.4ms | ActiveRecord: 0.0ms)


Started GET "/?locale=en" for 127.0.0.1 at 2021-11-18 21:05:01 -0300
Processing by WelcomeController#index as HTML
  Parameters: {"locale"=>"en"}
  Rendering welcome/index.html.erb within layouts/application
  Rendered welcome/_menu.html.erb (2.3ms)
  Rendered welcome/index.html.erb within layouts/application (5.7ms)
Completed 200 OK in 65ms (Views: 62.6ms | ActiveRecord: 0.0ms)


Started GET "/?locale=pt-BR" for 127.0.0.1 at 2021-11-18 21:05:04 -0300
Processing by WelcomeController#index as HTML
  Parameters: {"locale"=>"pt-BR"}
  Rendering welcome/index.html.erb within layouts/application
  Rendered welcome/_menu.html.erb (1.8ms)
  Rendered welcome/index.html.erb within layouts/application (5.0ms)
Completed 200 OK in 74ms (Views: 67.1ms | ActiveRecord: 0.0ms)


Started GET "/?locale=pt-BR" for 127.0.0.1 at 2021-11-18 21:05:26 -0300
Processing by WelcomeController#index as HTML
  Parameters: {"locale"=>"pt-BR"}
  Rendering welcome/index.html.erb within layouts/application
  Rendered welcome/_menu.html.erb (1.8ms)
  Rendered welcome/index.html.erb within layouts/application (4.5ms)
Completed 200 OK in 55ms (Views: 52.2ms | ActiveRecord: 0.0ms)


Started GET "/?locale=en" for 127.0.0.1 at 2021-11-18 21:05:37 -0300
Processing by WelcomeController#index as HTML
  Parameters: {"locale"=>"en"}
  Rendering welcome/index.html.erb within layouts/application
  Rendered welcome/_menu.html.erb (1.6ms)
  Rendered welcome/index.html.erb within layouts/application (4.2ms)
Completed 200 OK in 63ms (Views: 60.7ms | ActiveRecord: 0.0ms)


Started GET "/?locale=pt-BR" for 127.0.0.1 at 2021-11-18 21:05:40 -0300
Processing by WelcomeController#index as HTML
  Parameters: {"locale"=>"pt-BR"}
  Rendering welcome/index.html.erb within layouts/application
  Rendered welcome/_menu.html.erb (2.2ms)
  Rendered welcome/index.html.erb within layouts/application (5.0ms)
Completed 200 OK in 80ms (Views: 77.7ms | ActiveRecord: 0.0ms)


Started GET "/coins" for 127.0.0.1 at 2021-11-18 21:18:38 -0300
Processing by CoinsController#index as HTML
  Rendering coins/index.html.erb within layouts/application
  [1m[36mCoin Load (0.5ms)[0m  [1m[34mSELECT "coins".* FROM "coins"[0m
  ↳ app/views/coins/index.html.erb:18
  Rendered coins/index.html.erb within layouts/application (31.4ms)
Completed 200 OK in 123ms (Views: 116.0ms | ActiveRecord: 2.1ms)


Started GET "/coins" for 127.0.0.1 at 2021-11-18 21:18:38 -0300
Processing by CoinsController#index as HTML
  Rendering coins/index.html.erb within layouts/application
  [1m[36mCoin Load (0.2ms)[0m  [1m[34mSELECT "coins".* FROM "coins"[0m
  ↳ app/views/coins/index.html.erb:18
  Rendered coins/index.html.erb within layouts/application (7.2ms)
Completed 200 OK in 66ms (Views: 63.8ms | ActiveRecord: 0.2ms)


Started GET "/coins" for 127.0.0.1 at 2021-11-18 22:15:11 -0300
Processing by CoinsController#index as HTML
  Rendering coins/index.html.erb within layouts/application
  [1m[36mCoin Load (0.9ms)[0m  [1m[34mSELECT "coins".* FROM "coins"[0m
  ↳ app/views/coins/index.html.erb:18
  Rendered coins/index.html.erb within layouts/application (526.9ms)
Completed 200 OK in 835ms (Views: 725.4ms | ActiveRecord: 5.8ms)


Started GET "/coins" for 127.0.0.1 at 2021-11-18 22:37:01 -0300
Processing by CoinsController#index as HTML
  Rendering coins/index.html.erb within layouts/application
  Rendered coins/index.html.erb within layouts/application (5.8ms)
Completed 500 Internal Server Error in 11ms (ActiveRecord: 0.0ms)


  
ActionView::Template::Error (undefined method `count' for nil:NilClass):
    1: <p id="notice"><%= notice %></p>
    2: 
    3: <h1><%= "#{Coin.model_name.human(count: @Coins.count)}" %></h1>
    4: 
    5: 
    6: 
  
app/views/coins/index.html.erb:3:in `_app_views_coins_index_html_erb___1333735255302445523_69887744223940'
Started GET "/coins" for 127.0.0.1 at 2021-11-18 22:37:23 -0300
Processing by CoinsController#index as HTML
  Rendering coins/index.html.erb within layouts/application
  [1m[35m (13.9ms)[0m  [1m[34mSELECT COUNT(*) FROM "coins"[0m
  ↳ app/views/coins/index.html.erb:3
  [1m[36mCoin Load (10.3ms)[0m  [1m[34mSELECT "coins".* FROM "coins"[0m
  ↳ app/views/coins/index.html.erb:18
  Rendered coins/index.html.erb within layouts/application (33.1ms)
Completed 200 OK in 89ms (Views: 60.6ms | ActiveRecord: 24.1ms)


Started GET "/" for 127.0.0.1 at 2021-11-18 22:41:12 -0300
Processing by WelcomeController#index as HTML
  Rendering welcome/index.html.erb within layouts/application
  Rendered welcome/_menu.html.erb (32.0ms)
  Rendered welcome/index.html.erb within layouts/application (55.6ms)
Completed 200 OK in 172ms (Views: 147.8ms | ActiveRecord: 0.0ms)


Started GET "/mining_types" for 127.0.0.1 at 2021-11-18 22:41:15 -0300
Processing by MiningTypesController#index as HTML
  Rendering mining_types/index.html.erb within layouts/application
  Rendered mining_types/index.html.erb within layouts/application (2.9ms)
Completed 500 Internal Server Error in 9ms (ActiveRecord: 0.0ms)


  
ActionView::Template::Error (undefined method `count' for nil:NilClass):
    1: <p id="notice"><%= notice %></p>
    2: 
    3: <h1><h1><%= "#{MiningType.model_name.human(count: @MiningType.count)}" %></h1></h1>
    4: 
    5: <table class="table table-hover">
    6:   <thead>
  
app/views/mining_types/index.html.erb:3:in `_app_views_mining_types_index_html_erb__710729657978222529_69887681197660'
Started GET "/mining_types" for 127.0.0.1 at 2021-11-18 22:42:58 -0300
Processing by MiningTypesController#index as HTML
  Rendering mining_types/index.html.erb within layouts/application
  Rendered mining_types/index.html.erb within layouts/application (4.7ms)
Completed 500 Internal Server Error in 10ms (ActiveRecord: 0.0ms)


  
ActionView::Template::Error (undefined method `count' for nil:NilClass):
    1: <p id="notice"><%= notice %></p>
    2: 
    3: <h1><%= "#{MiningType.model_name.human(count: @MiningType.count)}" %></h1>
    4: 
    5: <table class="table table-hover">
    6:   <thead>
  
app/views/mining_types/index.html.erb:3:in `_app_views_mining_types_index_html_erb__710729657978222529_69887693401080'
Started GET "/mining_types" for 127.0.0.1 at 2021-11-18 22:45:28 -0300
Processing by MiningTypesController#index as HTML
  Rendering mining_types/index.html.erb within layouts/application
  Rendered mining_types/index.html.erb within layouts/application (5.2ms)
Completed 500 Internal Server Error in 11ms (ActiveRecord: 0.0ms)


  
ActionView::Template::Error (undefined method `count' for nil:NilClass):
    1: <p id="notice"><%= notice %></p>
    2: 
    3: <h1><%= MiningType.model_name.human(count: @MiningType.count) %></h1>
    4: 
    5: <table class="table table-hover">
    6:   <thead>
  
app/views/mining_types/index.html.erb:3:in `_app_views_mining_types_index_html_erb__710729657978222529_69887683470800'
Started GET "/mining_types" for 127.0.0.1 at 2021-11-18 22:46:08 -0300
Processing by MiningTypesController#index as HTML
  Rendering mining_types/index.html.erb within layouts/application
  [1m[35m (14.3ms)[0m  [1m[34mSELECT COUNT(*) FROM "mining_types"[0m
  ↳ app/views/mining_types/index.html.erb:3
  [1m[36mMiningType Load (0.3ms)[0m  [1m[34mSELECT "mining_types".* FROM "mining_types"[0m
  ↳ app/views/mining_types/index.html.erb:15
  Rendered mining_types/index.html.erb within layouts/application (33.6ms)
Completed 200 OK in 181ms (Views: 160.7ms | ActiveRecord: 16.2ms)


Started GET "/mining_types" for 127.0.0.1 at 2021-11-18 22:47:42 -0300
Processing by MiningTypesController#index as HTML
  Rendering mining_types/index.html.erb within layouts/application
  [1m[35m (0.2ms)[0m  [1m[34mSELECT COUNT(*) FROM "mining_types"[0m
  ↳ app/views/mining_types/index.html.erb:3
  [1m[36mMiningType Load (0.2ms)[0m  [1m[34mSELECT "mining_types".* FROM "mining_types"[0m
  ↳ app/views/mining_types/index.html.erb:15
  Rendered mining_types/index.html.erb within layouts/application (6.8ms)
Completed 200 OK in 61ms (Views: 58.0ms | ActiveRecord: 0.4ms)


Started GET "/" for 127.0.0.1 at 2021-11-18 22:48:02 -0300
Processing by WelcomeController#index as HTML
  Rendering welcome/index.html.erb within layouts/application
  Rendered welcome/_menu.html.erb (1.6ms)
  Rendered welcome/index.html.erb within layouts/application (5.0ms)
Completed 200 OK in 57ms (Views: 53.9ms | ActiveRecord: 0.0ms)


Started GET "/coins" for 127.0.0.1 at 2021-11-18 22:48:13 -0300
Processing by CoinsController#index as HTML
  Rendering coins/index.html.erb within layouts/application
  [1m[35m (0.2ms)[0m  [1m[34mSELECT COUNT(*) FROM "coins"[0m
  ↳ app/views/coins/index.html.erb:3
  [1m[36mCoin Load (0.3ms)[0m  [1m[34mSELECT "coins".* FROM "coins"[0m
  ↳ app/views/coins/index.html.erb:18
  Rendered coins/index.html.erb within layouts/application (10.3ms)
Completed 200 OK in 73ms (Views: 70.3ms | ActiveRecord: 0.5ms)


Started GET "/coins" for 127.0.0.1 at 2021-11-18 22:48:13 -0300
Processing by CoinsController#index as HTML
  Rendering coins/index.html.erb within layouts/application
  [1m[35m (0.3ms)[0m  [1m[34mSELECT COUNT(*) FROM "coins"[0m
  ↳ app/views/coins/index.html.erb:3
  [1m[36mCoin Load (0.2ms)[0m  [1m[34mSELECT "coins".* FROM "coins"[0m
  ↳ app/views/coins/index.html.erb:18
  Rendered coins/index.html.erb within layouts/application (10.6ms)
Completed 200 OK in 91ms (Views: 88.2ms | ActiveRecord: 0.5ms)


Started GET "/coins/2" for 127.0.0.1 at 2021-11-18 22:48:17 -0300
Processing by CoinsController#show as HTML
  Parameters: {"id"=>"2"}
  [1m[36mCoin Load (311.0ms)[0m  [1m[34mSELECT  "coins".* FROM "coins" WHERE "coins"."id" = ? LIMIT ?[0m  [["id", 2], ["LIMIT", 1]]
  ↳ app/controllers/coins_controller.rb:63
  Rendering coins/show.html.erb within layouts/application
  Rendered coins/show.html.erb within layouts/application (4.4ms)
Completed 200 OK in 464ms (Views: 65.5ms | ActiveRecord: 311.0ms)


Started GET "/coins/2/edit" for 127.0.0.1 at 2021-11-18 22:48:19 -0300
Processing by CoinsController#edit as HTML
  Parameters: {"id"=>"2"}
  [1m[36mCoin Load (0.5ms)[0m  [1m[34mSELECT  "coins".* FROM "coins" WHERE "coins"."id" = ? LIMIT ?[0m  [["id", 2], ["LIMIT", 1]]
  ↳ app/controllers/coins_controller.rb:63
  [1m[35m (0.8ms)[0m  [1m[34mSELECT "mining_types"."description", "mining_types"."id" FROM "mining_types"[0m
  ↳ app/controllers/coins_controller.rb:72
  Rendering coins/edit.html.erb within layouts/application
  Rendered coins/_form.html.erb (146.4ms)
  Rendered coins/edit.html.erb within layouts/application (150.6ms)
Completed 200 OK in 256ms (Views: 232.4ms | ActiveRecord: 1.2ms)


Started GET "/coins" for 127.0.0.1 at 2021-11-18 22:48:21 -0300
Processing by CoinsController#index as HTML
  Rendering coins/index.html.erb within layouts/application
  [1m[35m (0.3ms)[0m  [1m[34mSELECT COUNT(*) FROM "coins"[0m
  ↳ app/views/coins/index.html.erb:3
  [1m[36mCoin Load (0.2ms)[0m  [1m[34mSELECT "coins".* FROM "coins"[0m
  ↳ app/views/coins/index.html.erb:18
  Rendered coins/index.html.erb within layouts/application (10.8ms)
Completed 200 OK in 71ms (Views: 68.6ms | ActiveRecord: 0.5ms)


Started GET "/" for 127.0.0.1 at 2021-11-18 22:48:28 -0300
Processing by WelcomeController#index as HTML
  Rendering welcome/index.html.erb within layouts/application
  Rendered welcome/_menu.html.erb (1.3ms)
  Rendered welcome/index.html.erb within layouts/application (4.6ms)
Completed 200 OK in 66ms (Views: 64.0ms | ActiveRecord: 0.0ms)


Started GET "/" for 127.0.0.1 at 2021-11-18 22:48:28 -0300
Processing by WelcomeController#index as HTML
  Rendering welcome/index.html.erb within layouts/application
  Rendered welcome/_menu.html.erb (1.6ms)
  Rendered welcome/index.html.erb within layouts/application (4.5ms)
Completed 200 OK in 65ms (Views: 63.4ms | ActiveRecord: 0.0ms)


Started GET "/mining_types" for 127.0.0.1 at 2021-11-18 22:48:31 -0300
Processing by MiningTypesController#index as HTML
  Rendering mining_types/index.html.erb within layouts/application
  [1m[35m (0.5ms)[0m  [1m[34mSELECT COUNT(*) FROM "mining_types"[0m
  ↳ app/views/mining_types/index.html.erb:3
  [1m[36mMiningType Load (0.6ms)[0m  [1m[34mSELECT "mining_types".* FROM "mining_types"[0m
  ↳ app/views/mining_types/index.html.erb:15
  Rendered mining_types/index.html.erb within layouts/application (25.5ms)
Completed 200 OK in 122ms (Views: 114.0ms | ActiveRecord: 1.0ms)


Started GET "/mining_types" for 127.0.0.1 at 2021-11-18 22:48:31 -0300
Processing by MiningTypesController#index as HTML
  Rendering mining_types/index.html.erb within layouts/application
  [1m[35m (0.3ms)[0m  [1m[34mSELECT COUNT(*) FROM "mining_types"[0m
  ↳ app/views/mining_types/index.html.erb:3
  [1m[36mMiningType Load (0.3ms)[0m  [1m[34mSELECT "mining_types".* FROM "mining_types"[0m
  ↳ app/views/mining_types/index.html.erb:15
  Rendered mining_types/index.html.erb within layouts/application (8.9ms)
Completed 200 OK in 70ms (Views: 66.4ms | ActiveRecord: 0.5ms)


Started GET "/" for 127.0.0.1 at 2021-11-18 22:48:40 -0300
Processing by WelcomeController#index as HTML
  Rendering welcome/index.html.erb within layouts/application
  Rendered welcome/_menu.html.erb (1.9ms)
  Rendered welcome/index.html.erb within layouts/application (4.2ms)
Completed 200 OK in 54ms (Views: 52.8ms | ActiveRecord: 0.0ms)


Started GET "/" for 127.0.0.1 at 2021-11-18 22:48:40 -0300
Processing by WelcomeController#index as HTML
  Rendering welcome/index.html.erb within layouts/application
  Rendered welcome/_menu.html.erb (1.6ms)
  Rendered welcome/index.html.erb within layouts/application (3.7ms)
Completed 200 OK in 71ms (Views: 69.5ms | ActiveRecord: 0.0ms)


Started GET "/?locale=en" for 127.0.0.1 at 2021-11-18 22:48:43 -0300
Processing by WelcomeController#index as HTML
  Parameters: {"locale"=>"en"}
  Rendering welcome/index.html.erb within layouts/application
  Rendered welcome/_menu.html.erb (1.0ms)
  Rendered welcome/index.html.erb within layouts/application (3.2ms)
Completed 200 OK in 54ms (Views: 51.4ms | ActiveRecord: 0.0ms)


Started GET "/coins" for 127.0.0.1 at 2021-11-18 22:48:45 -0300
Processing by CoinsController#index as HTML
  Rendering coins/index.html.erb within layouts/application
  [1m[35m (0.4ms)[0m  [1m[34mSELECT COUNT(*) FROM "coins"[0m
  ↳ app/views/coins/index.html.erb:3
  [1m[36mCoin Load (0.4ms)[0m  [1m[34mSELECT "coins".* FROM "coins"[0m
  ↳ app/views/coins/index.html.erb:18
  Rendered coins/index.html.erb within layouts/application (20.3ms)
Completed 200 OK in 89ms (Views: 85.3ms | ActiveRecord: 0.8ms)


Started GET "/coins" for 127.0.0.1 at 2021-11-18 22:48:46 -0300
Processing by CoinsController#index as HTML
  Rendering coins/index.html.erb within layouts/application
  [1m[35m (0.2ms)[0m  [1m[34mSELECT COUNT(*) FROM "coins"[0m
  ↳ app/views/coins/index.html.erb:3
  [1m[36mCoin Load (0.2ms)[0m  [1m[34mSELECT "coins".* FROM "coins"[0m
  ↳ app/views/coins/index.html.erb:18
  Rendered coins/index.html.erb within layouts/application (15.7ms)
Completed 200 OK in 94ms (Views: 89.5ms | ActiveRecord: 0.5ms)


Started GET "/coins/new" for 127.0.0.1 at 2021-11-18 22:48:50 -0300
Processing by CoinsController#new as HTML
  [1m[35m (0.4ms)[0m  [1m[34mSELECT "mining_types"."description", "mining_types"."id" FROM "mining_types"[0m
  ↳ app/controllers/coins_controller.rb:72
  Rendering coins/new.html.erb within layouts/application
  Rendered coins/_form.html.erb (5.1ms)
  Rendered coins/new.html.erb within layouts/application (7.2ms)
Completed 200 OK in 126ms (Views: 73.8ms | ActiveRecord: 0.4ms)


Started GET "/coins" for 127.0.0.1 at 2021-11-18 22:48:53 -0300
Processing by CoinsController#index as HTML
  Rendering coins/index.html.erb within layouts/application
  [1m[35m (0.5ms)[0m  [1m[34mSELECT COUNT(*) FROM "coins"[0m
  ↳ app/views/coins/index.html.erb:3
  [1m[36mCoin Load (0.3ms)[0m  [1m[34mSELECT "coins".* FROM "coins"[0m
  ↳ app/views/coins/index.html.erb:18
  Rendered coins/index.html.erb within layouts/application (9.9ms)
Completed 200 OK in 83ms (Views: 79.1ms | ActiveRecord: 0.8ms)


Started GET "/?locale=en" for 127.0.0.1 at 2021-11-18 22:48:56 -0300
Processing by WelcomeController#index as HTML
  Parameters: {"locale"=>"en"}
  Rendering welcome/index.html.erb within layouts/application
  Rendered welcome/_menu.html.erb (2.7ms)
  Rendered welcome/index.html.erb within layouts/application (5.2ms)
Completed 200 OK in 50ms (Views: 47.6ms | ActiveRecord: 0.0ms)


Started GET "/?locale=en" for 127.0.0.1 at 2021-11-18 22:48:56 -0300
Processing by WelcomeController#index as HTML
  Parameters: {"locale"=>"en"}
  Rendering welcome/index.html.erb within layouts/application
  Rendered welcome/_menu.html.erb (2.7ms)
  Rendered welcome/index.html.erb within layouts/application (5.1ms)
Completed 200 OK in 56ms (Views: 53.9ms | ActiveRecord: 0.0ms)


Started GET "/?locale=pt-BR" for 127.0.0.1 at 2021-11-18 22:54:22 -0300
Processing by WelcomeController#index as HTML
  Parameters: {"locale"=>"pt-BR"}
  Rendering welcome/index.html.erb within layouts/application
  Rendered welcome/_menu.html.erb (3.4ms)
  Rendered welcome/index.html.erb within layouts/application (6.2ms)
Completed 200 OK in 54ms (Views: 51.7ms | ActiveRecord: 0.0ms)


Started GET "/?locale=en" for 127.0.0.1 at 2021-11-18 23:03:26 -0300
Processing by WelcomeController#index as HTML
  Parameters: {"locale"=>"en"}
  Rendering welcome/index.html.erb within layouts/application
  Rendered welcome/_menu.html.erb (1.4ms)
  Rendered welcome/index.html.erb within layouts/application (5.1ms)
Completed 200 OK in 83ms (Views: 77.3ms | ActiveRecord: 0.0ms)


Started GET "/?locale=pt-BR" for 127.0.0.1 at 2021-11-18 23:03:28 -0300
Processing by WelcomeController#index as HTML
  Parameters: {"locale"=>"pt-BR"}
  Rendering welcome/index.html.erb within layouts/application
  Rendered welcome/_menu.html.erb (1.3ms)
  Rendered welcome/index.html.erb within layouts/application (2.6ms)
Completed 200 OK in 48ms (Views: 47.0ms | ActiveRecord: 0.0ms)


Started GET "/" for 127.0.0.1 at 2021-11-21 14:37:25 -0300
  [1m[35m (0.2ms)[0m  [1m[34mSELECT "schema_migrations"."version" FROM "schema_migrations" ORDER BY "schema_migrations"."version" ASC[0m
  ↳ /home/romarioluz/.rvm/gems/ruby-2.4.4/gems/activerecord-5.2.6/lib/active_record/log_subscriber.rb:98
Processing by WelcomeController#index as HTML
  Rendering welcome/index.html.erb within layouts/application
  Rendered welcome/_menu.html.erb (55.8ms)
  Rendered welcome/index.html.erb within layouts/application (590.3ms)
Completed 200 OK in 1148ms (Views: 1128.5ms | ActiveRecord: 0.0ms)


Started GET "/mining_types" for 127.0.0.1 at 2021-11-21 14:37:29 -0300
Processing by MiningTypesController#index as HTML
  Rendering mining_types/index.html.erb within layouts/application
  [1m[35m (6.9ms)[0m  [1m[34mSELECT COUNT(*) FROM "mining_types"[0m
  ↳ app/views/mining_types/index.html.erb:3
  [1m[36mMiningType Load (0.4ms)[0m  [1m[34mSELECT "mining_types".* FROM "mining_types"[0m
  ↳ app/views/mining_types/index.html.erb:15
  Rendered mining_types/index.html.erb within layouts/application (68.9ms)
Completed 200 OK in 366ms (Views: 294.1ms | ActiveRecord: 10.8ms)


Started GET "/mining_types" for 127.0.0.1 at 2021-11-21 14:37:29 -0300
Processing by MiningTypesController#index as HTML
  Rendering mining_types/index.html.erb within layouts/application
  [1m[35m (0.3ms)[0m  [1m[34mSELECT COUNT(*) FROM "mining_types"[0m
  ↳ app/views/mining_types/index.html.erb:3
  [1m[36mMiningType Load (0.2ms)[0m  [1m[34mSELECT "mining_types".* FROM "mining_types"[0m
  ↳ app/views/mining_types/index.html.erb:15
  Rendered mining_types/index.html.erb within layouts/application (19.9ms)
Completed 200 OK in 69ms (Views: 66.1ms | ActiveRecord: 0.5ms)


Started GET "/" for 127.0.0.1 at 2021-11-21 14:37:31 -0300
Processing by WelcomeController#index as HTML
  Rendering welcome/index.html.erb within layouts/application
  Rendered welcome/_menu.html.erb (1.3ms)
  Rendered welcome/index.html.erb within layouts/application (2.7ms)
Completed 200 OK in 42ms (Views: 39.9ms | ActiveRecord: 0.0ms)


Started GET "/" for 127.0.0.1 at 2021-11-21 14:37:31 -0300
Processing by WelcomeController#index as HTML
  Rendering welcome/index.html.erb within layouts/application
  Rendered welcome/_menu.html.erb (1.6ms)
  Rendered welcome/index.html.erb within layouts/application (3.5ms)
Completed 200 OK in 53ms (Views: 51.8ms | ActiveRecord: 0.0ms)


Started GET "/coins" for 127.0.0.1 at 2021-11-21 14:37:33 -0300
Processing by CoinsController#index as HTML
  Rendering coins/index.html.erb within layouts/application
  [1m[35m (33.5ms)[0m  [1m[34mSELECT COUNT(*) FROM "coins"[0m
  ↳ app/views/coins/index.html.erb:3
  [1m[36mCoin Load (22.9ms)[0m  [1m[34mSELECT "coins".* FROM "coins"[0m
  ↳ app/views/coins/index.html.erb:18
  Rendered coins/index.html.erb within layouts/application (71.9ms)
Completed 200 OK in 209ms (Views: 77.9ms | ActiveRecord: 57.7ms)


Started GET "/coins" for 127.0.0.1 at 2021-11-21 14:37:33 -0300
Processing by CoinsController#index as HTML
  Rendering coins/index.html.erb within layouts/application
  [1m[35m (0.3ms)[0m  [1m[34mSELECT COUNT(*) FROM "coins"[0m
  ↳ app/views/coins/index.html.erb:3
  [1m[36mCoin Load (0.2ms)[0m  [1m[34mSELECT "coins".* FROM "coins"[0m
  ↳ app/views/coins/index.html.erb:18
  Rendered coins/index.html.erb within layouts/application (9.9ms)
Completed 200 OK in 60ms (Views: 57.4ms | ActiveRecord: 0.5ms)


Started GET "/" for 127.0.0.1 at 2021-11-21 14:37:46 -0300
Processing by WelcomeController#index as HTML
  Rendering welcome/index.html.erb within layouts/application
  Rendered welcome/_menu.html.erb (1.6ms)
  Rendered welcome/index.html.erb within layouts/application (3.8ms)
Completed 200 OK in 56ms (Views: 53.7ms | ActiveRecord: 0.0ms)


Started GET "/?locale=en" for 127.0.0.1 at 2021-11-21 14:37:47 -0300
Processing by WelcomeController#index as HTML
  Parameters: {"locale"=>"en"}
  Rendering welcome/index.html.erb within layouts/application
  Rendered welcome/_menu.html.erb (1.7ms)
  Rendered welcome/index.html.erb within layouts/application (3.9ms)
Completed 200 OK in 66ms (Views: 63.4ms | ActiveRecord: 0.0ms)


Started GET "/mining_types" for 127.0.0.1 at 2021-11-21 14:37:49 -0300
Processing by MiningTypesController#index as HTML
  Rendering mining_types/index.html.erb within layouts/application
  [1m[35m (0.5ms)[0m  [1m[34mSELECT COUNT(*) FROM "mining_types"[0m
  ↳ app/views/mining_types/index.html.erb:3
  [1m[36mMiningType Load (0.4ms)[0m  [1m[34mSELECT "mining_types".* FROM "mining_types"[0m
  ↳ app/views/mining_types/index.html.erb:15
  Rendered mining_types/index.html.erb within layouts/application (18.3ms)
Completed 200 OK in 98ms (Views: 84.8ms | ActiveRecord: 0.9ms)


Started GET "/mining_types" for 127.0.0.1 at 2021-11-21 14:37:49 -0300
Processing by MiningTypesController#index as HTML
  Rendering mining_types/index.html.erb within layouts/application
  [1m[35m (0.2ms)[0m  [1m[34mSELECT COUNT(*) FROM "mining_types"[0m
  ↳ app/views/mining_types/index.html.erb:3
  [1m[36mMiningType Load (0.3ms)[0m  [1m[34mSELECT "mining_types".* FROM "mining_types"[0m
  ↳ app/views/mining_types/index.html.erb:15
  Rendered mining_types/index.html.erb within layouts/application (10.2ms)
Completed 200 OK in 64ms (Views: 59.6ms | ActiveRecord: 0.5ms)


Started GET "/?locale=en" for 127.0.0.1 at 2021-11-21 14:37:52 -0300
Processing by WelcomeController#index as HTML
  Parameters: {"locale"=>"en"}
  Rendering welcome/index.html.erb within layouts/application
  Rendered welcome/_menu.html.erb (1.3ms)
  Rendered welcome/index.html.erb within layouts/application (3.0ms)
Completed 200 OK in 50ms (Views: 47.9ms | ActiveRecord: 0.0ms)


Started GET "/?locale=en" for 127.0.0.1 at 2021-11-21 14:37:52 -0300
Processing by WelcomeController#index as HTML
  Parameters: {"locale"=>"en"}
  Rendering welcome/index.html.erb within layouts/application
  Rendered welcome/_menu.html.erb (1.1ms)
  Rendered welcome/index.html.erb within layouts/application (4.8ms)
Completed 200 OK in 60ms (Views: 57.8ms | ActiveRecord: 0.0ms)


Started GET "/coins" for 127.0.0.1 at 2021-11-21 14:37:54 -0300
Processing by CoinsController#index as HTML
  Rendering coins/index.html.erb within layouts/application
  [1m[35m (0.3ms)[0m  [1m[34mSELECT COUNT(*) FROM "coins"[0m
  ↳ app/views/coins/index.html.erb:3
  [1m[36mCoin Load (0.3ms)[0m  [1m[34mSELECT "coins".* FROM "coins"[0m
  ↳ app/views/coins/index.html.erb:18
  Rendered coins/index.html.erb within layouts/application (13.4ms)
Completed 200 OK in 81ms (Views: 71.3ms | ActiveRecord: 0.6ms)


Started GET "/coins" for 127.0.0.1 at 2021-11-21 14:37:54 -0300
Processing by CoinsController#index as HTML
  Rendering coins/index.html.erb within layouts/application
  [1m[35m (0.3ms)[0m  [1m[34mSELECT COUNT(*) FROM "coins"[0m
  ↳ app/views/coins/index.html.erb:3
  [1m[36mCoin Load (0.2ms)[0m  [1m[34mSELECT "coins".* FROM "coins"[0m
  ↳ app/views/coins/index.html.erb:18
  Rendered coins/index.html.erb within layouts/application (12.1ms)
Completed 200 OK in 57ms (Views: 53.9ms | ActiveRecord: 0.5ms)


Started GET "/?locale=en" for 127.0.0.1 at 2021-11-21 14:37:59 -0300
Processing by WelcomeController#index as HTML
  Parameters: {"locale"=>"en"}
  Rendering welcome/index.html.erb within layouts/application
  Rendered welcome/_menu.html.erb (1.3ms)
  Rendered welcome/index.html.erb within layouts/application (5.1ms)
Completed 200 OK in 55ms (Views: 52.8ms | ActiveRecord: 0.0ms)


Started GET "/?locale=en" for 127.0.0.1 at 2021-11-21 14:37:59 -0300
Processing by WelcomeController#index as HTML
  Parameters: {"locale"=>"en"}
  Rendering welcome/index.html.erb within layouts/application
  Rendered welcome/_menu.html.erb (1.8ms)
  Rendered welcome/index.html.erb within layouts/application (5.0ms)
Completed 200 OK in 63ms (Views: 60.6ms | ActiveRecord: 0.0ms)


